Arguments: 
  C:\Program Files\nodejs\node.exe C:\Program Files (x86)\Yarn\bin\yarn.js start

PATH: 
  C:\Program Files\AdoptOpenJDK\jdk-8.0.232.09-hotspot\bin;D:\WINDOWS.X64_180000_db_home\bin;C:\Program Files\Microsoft MPI\Bin\;C:\ProgramData\Oracle\Java\javapath;C:\Windows\system32;C:\Windows;C:\Windows\System32\Wbem;C:\Windows\System32\WindowsPowerShell\v1.0\;C:\Program Files\Microsoft SQL Server\Client SDK\ODBC\130\Tools\Binn\;C:\Program Files (x86)\Microsoft SQL Server\140\Tools\Binn\;C:\Program Files\Microsoft SQL Server\140\Tools\Binn\;C:\Program Files\Microsoft SQL Server\140\DTS\Binn\;C:\Program Files (x86)\GtkSharp\2.12\bin;C:\Program Files (x86)\NVIDIA Corporation\PhysX\Common;C:\Program Files\PuTTY\;C:\WINDOWS\system32;C:\WINDOWS;C:\WINDOWS\System32\Wbem;C:\WINDOWS\System32\WindowsPowerShell\v1.0\;C:\WINDOWS\System32\OpenSSH\;C:\ProgramData\chocolatey\bin;C:\Program Files\Java\jdk1.8.0_181\bin;C:\Program Files (x86)\Windows Kits\10\Windows Performance Toolkit\;C:\xampp\php;C:\Program Files\Git\cmd;C:\Program Files\nodejs\;C:\Program Files (x86)\Yarn\bin\;C:\PHP7;C:\Users\serban\AppData\Local\Programs\Python\Python38-32\Scripts\;C:\Users\serban\AppData\Local\Programs\Python\Python38-32\;C:\Users\serban\AppData\Local\Microsoft\WindowsApps;C:\Users\serban\AppData\Local\Microsoft\WindowsApps;C:\Users\serban\AppData\Roaming\Dashlane\6.1848.0.15588\bin\Firefox_Extension\{442718d9-475e-452a-b3e1-fb1ee16b8e9f}\components;C:\Users\serban\AppData\Roaming\Dashlane\6.1848.0.15588\ucrt;C:\Users\serban\AppData\Roaming\Dashlane\6.1848.0.15588\bin\Qt;C:\Users\serban\AppData\Roaming\Dashlane\6.1848.0.15588\bin\Ssl;C:\Users\serban\AppData\Roaming\Composer\vendor\bin;C:\Users\serban\go\bin;C:\Users\serban\AppData\Local\Programs\Microsoft VS Code\bin;C:\Users\serban\AppData\Roaming\npm;C:\Users\serban\AppData\Local\Yarn\bin

Yarn version: 
  1.19.1

Node version: 
  12.10.0

Platform: 
  win32 x64

Trace: 
  Error: ENOSPC: no space left on device, open 'C:\Users\serban\AppData\Local\Temp\yarn--1576615815739-0.43497127246559386\node.cmd'

npm manifest: 
  {
    "main": "node_modules/expo/AppEntry.js",
    "scripts": {
      "start": "expo start",
      "android": "expo start --android",
      "ios": "expo start --ios",
      "web": "expo start --web",
      "eject": "expo eject",
      "test": "jest --watchAll"
    },
    "jest": {
      "preset": "jest-expo"
    },
    "dependencies": {
      "@expo/samples": "~3.0.3",
      "@expo/vector-icons": "^10.0.3",
      "@react-navigation/web": "^1.0.0-alpha.9",
      "expo": "^35.0.0",
      "expo-asset": "^7.0.0",
      "expo-constants": "^7.0.0",
      "expo-font": "^7.0.0",
      "expo-web-browser": "^7.0.0",
      "react": "16.8.3",
      "react-dom": "16.8.3",
      "react-native": "https://github.com/expo/react-native/archive/sdk-35.0.0.tar.gz",
      "react-native-gesture-handler": "~1.3.0",
      "react-native-web": "^0.11.7",
      "react-navigation": "^3.12.0"
    },
    "devDependencies": {
      "babel-preset-expo": "^7.0.0",
      "jest-expo": "^35.0.0"
    },
    "private": true
  }

yarn manifest: 
  No manifest

Lockfile: 
  No lockfile
